<?xml version="1.0" encoding="UTF-8"?>
<!-- Generated by org.testng.reporters.JUnitReportReporter -->
<testsuite hostname="DESKTOP-7S7LCUO" failures="0" tests="4" name="api.payload.ExcelReader" time="0.037" errors="0" timestamp="2024-05-15T12:57:29 IST" skipped="0">
  <testcase classname="api.payload.ExcelReader" name="testData" time="0.016"/>
  <testcase classname="api.payload.ExcelReader" name="testData" time="0.011"/>
  <testcase classname="api.payload.ExcelReader" name="testData" time="0.008"/>
  <testcase classname="api.payload.ExcelReader" name="testData" time="0.002"/>
</testsuite> <!-- api.payload.ExcelReader -->
