<?xml version="1.0" encoding="UTF-8"?>
<!-- Generated by org.testng.reporters.JUnitReportReporter -->
<testsuite hostname="DESKTOP-7S7LCUO" failures="0" tests="1" name="api.apple.test.SearchTest" time="4.041" errors="0" timestamp="2024-05-15T14:56:44 IST" skipped="0">
  <testcase classname="api.apple.test.SearchTest" name="serachNameWithAboveLimit" time="4.041"/>
</testsuite> <!-- api.apple.test.SearchTest -->
